<?xml version="1.0" encoding="UTF-8" standalone="no"?>
<!DOCTYPE log SYSTEM "logger.dtd">
<log>
<record>
  <date>2025-07-08T16:37:05.215-0300</date>
  <logger>BIANKA VITORIA SILVA LIMA</logger>
  <level>FINE</level>
  <message>File 124110621-BIANKA VITORIA SILVA LIMA.zip was received. It was sent by BIANKA VITORIA SILVA LIMA from IP 150.165.74.24 at 08-07-2025 16*37*05</message>
</record>
</log>
<?xml version="1.0" encoding="UTF-8" standalone="no"?>
<!DOCTYPE log SYSTEM "logger.dtd">
<log>
<record>
  <date>2025-07-08T18:00:58.336-0300</date>
  <logger>BIANKA VITORIA SILVA LIMA</logger>
  <level>FINE</level>
  <message>File 124110621-BIANKA VITORIA SILVA LIMA.zip was received. It was sent by BIANKA VITORIA SILVA LIMA from IP 150.165.74.24 at 08-07-2025 18*00*58</message>
</record>
</log>
<?xml version="1.0" encoding="UTF-8" standalone="no"?>
<!DOCTYPE log SYSTEM "logger.dtd">
<log>
<record>
  <date>2025-07-09T08:02:15.561-0300</date>
  <logger>BIANKA VITORIA SILVA LIMA</logger>
  <level>FINE</level>
  <message>File 124110621-BIANKA VITORIA SILVA LIMA.zip was received. It was sent by BIANKA VITORIA SILVA LIMA from IP 150.165.74.51 at 09-07-2025 08*02*15</message>
</record>
